2024-06-11T07:26:45.504Z [32minfo[39m: Category created: undefined
2024-06-11T07:27:17.463Z [32minfo[39m: Category created: Baby Bed 2
2024-06-11T07:27:31.198Z [32minfo[39m: Category created: Baby Bed 2
2024-06-11T07:28:01.191Z [32minfo[39m: Category created: Baby Bed 2
2024-06-11T07:28:20.840Z [32minfo[39m: Retrieved all categories
2024-06-11T07:28:52.646Z [31merror[39m: Error deleting category: 
Invalid `CategoryModels.findUnique()` invocation in
/home/student/dev-momee/src/controllers/categoryController.js:119:43

  116 try {
  117   const { id } = req.params;
  118 
→ 119   const category = await CategoryModels.findUnique({
          where: {
            id: 8,
            include: {
            ~~~~~~~
              products: true
            },
        ?   AND?: CategoryWhereInput | CategoryWhereInput[],
        ?   OR?: CategoryWhereInput[],
        ?   NOT?: CategoryWhereInput | CategoryWhereInput[],
        ?   name_categories?: StringFilter | String,
        ?   image?: StringNullableFilter | String | Null,
        ?   created_at?: DateTimeFilter | DateTime,
        ?   products?: ProductListRelationFilter
          }
        })

Unknown argument `include`. Available options are marked with ?.
2024-06-11T07:29:55.667Z [33mwarn[39m: Cannot delete category with products: ID 8
2024-06-11T07:30:36.011Z [32minfo[39m: Category updated: undefined
2024-06-11T07:30:41.403Z [32minfo[39m: Category updated: undefined
2024-06-11T07:31:40.949Z [32minfo[39m: Category updated: undefined
2024-06-11T07:32:34.608Z [33mwarn[39m: Cannot delete category with products: ID 8
2024-06-11T07:33:05.740Z [32minfo[39m: Retrieved all categories
2024-06-11T07:35:46.625Z [32minfo[39m: Category updated: Baby Bed new
2024-06-11T07:36:49.514Z [32minfo[39m: Category updated: Baby Bed new
2024-06-11T07:38:53.526Z [32minfo[39m: Category updated: Baby Bed new
2024-06-11T07:39:11.804Z [33mwarn[39m: Cannot delete category with products: ID 8
2024-06-11T07:39:27.012Z [32minfo[39m: Retrieved all categories
2024-06-11T07:40:26.953Z [33mwarn[39m: Cannot delete category with products:  Baby Bed 2
2024-06-11T07:41:11.315Z [33mwarn[39m: Cannot delete category with products:  Baby Bed 2
