2024-06-11T07:28:52.646Z [31merror[39m: Error deleting category: 
Invalid `CategoryModels.findUnique()` invocation in
/home/student/dev-momee/src/controllers/categoryController.js:119:43

  116 try {
  117   const { id } = req.params;
  118 
→ 119   const category = await CategoryModels.findUnique({
          where: {
            id: 8,
            include: {
            ~~~~~~~
              products: true
            },
        ?   AND?: CategoryWhereInput | CategoryWhereInput[],
        ?   OR?: CategoryWhereInput[],
        ?   NOT?: CategoryWhereInput | CategoryWhereInput[],
        ?   name_categories?: StringFilter | String,
        ?   image?: StringNullableFilter | String | Null,
        ?   created_at?: DateTimeFilter | DateTime,
        ?   products?: ProductListRelationFilter
          }
        })

Unknown argument `include`. Available options are marked with ?.
